
-------------------------------------------------------------------------------


----------- SCAN SUMMARY -----------
Known viruses: 8708805
Engine version: 1.4.3
Scanned directories: 6
Scanned files: 37
Infected files: 0
Data scanned: 63.09 MB
Data read: 950.42 MB (ratio 0.07:1)
Time: 12.229 sec (0 m 12 s)
Start Date: 2025:11:24 09:14:01
End Date:   2025:11:24 09:14:13

-------------------------------------------------------------------------------


----------- SCAN SUMMARY -----------
Known viruses: 8708805
Engine version: 1.4.3
Scanned directories: 6
Scanned files: 37
Infected files: 0
Data scanned: 63.09 MB
Data read: 950.42 MB (ratio 0.07:1)
Time: 12.366 sec (0 m 12 s)
Start Date: 2025:11:24 09:15:01
End Date:   2025:11:24 09:15:13


-------------------------------------------------------------------------------


----------- SCAN SUMMARY -----------
Known viruses: 8708805
Engine version: 1.4.3
Scanned directories: 6
Scanned files: 37
Infected files: 0
Data scanned: 63.09 MB
Data read: 950.42 MB (ratio 0.07:1)
Time: 10.357 sec (0 m 10 s)
Start Date: 2025:11:24 09:16:01
End Date:   2025:11:24 09:16:12


-------------------------------------------------------------------------------


----------- SCAN SUMMARY -----------
Known viruses: 8708805
Engine version: 1.4.3
Scanned directories: 6
Scanned files: 37
Infected files: 0
Data scanned: 63.09 MB
Data read: 950.42 MB (ratio 0.07:1)
Time: 12.585 sec (0 m 12 s)
Start Date: 2025:11:24 09:17:01
End Date:   2025:11:24 09:17:13


-------------------------------------------------------------------------------


----------- SCAN SUMMARY -----------
Known viruses: 8708805
Engine version: 1.4.3
Scanned directories: 6
Scanned files: 37
Infected files: 0
Data scanned: 63.09 MB
Data read: 950.42 MB (ratio 0.07:1)
Time: 8.377 sec (0 m 8 s)
Start Date: 2025:11:24 09:18:01
End Date:   2025:11:24 09:18:10


-------------------------------------------------------------------------------
