===== Download folder scan started at 西元2025年11月20日 (週四) 17時12分50秒 HKT =====
No infected files found.
----------- SCAN SUMMARY -----------
Known viruses: 8708805
Engine version: 1.4.3
Scanned directories: 6
Scanned files: 37
Infected files: 0
Data scanned: 63.09 MB
Data read: 950.42 MB (ratio 0.07:1)
Time: 10.548 sec (0 m 10 s)
Start Date: 2025:11:20 17:12:54
End Date:   2025:11:20 17:13:05
===== Download folder scan finished at 西元2025年11月20日 (週四) 17時13分05秒 HKT =====
===== Download folder scan started at 西元2025年11月20日 (週四) 17時13分16秒 HKT =====
===== Download folder scan started at 西元2025年11月20日 (週四) 17時20分04秒 HKT =====
===== Download folder scan started at 西元2025年11月20日 (週四) 17時20分08秒 HKT =====
===== Download folder scan started at 西元2025年11月20日 (週四) 17時27分20秒 HKT =====
No infected files found.
----------- SCAN SUMMARY -----------
Known viruses: 8708805
Engine version: 1.4.3
Scanned directories: 6
Scanned files: 37
Infected files: 0
Data scanned: 63.09 MB
Data read: 950.42 MB (ratio 0.07:1)
Time: 10.605 sec (0 m 10 s)
Start Date: 2025:11:20 17:27:23
End Date:   2025:11:20 17:27:34
===== Download folder scan finished at 西元2025年11月20日 (週四) 17時27分34秒 HKT =====
===== Download folder scan started at 西元2025年11月20日 (週四) 17時30分14秒 HKT =====
No infected files found.
----------- SCAN SUMMARY -----------
Known viruses: 8708805
Engine version: 1.4.3
Scanned directories: 6
Scanned files: 37
Infected files: 0
Data scanned: 63.09 MB
Data read: 950.42 MB (ratio 0.07:1)
Time: 11.110 sec (0 m 11 s)
Start Date: 2025:11:20 17:30:17
End Date:   2025:11:20 17:30:28
===== Download folder scan finished at 西元2025年11月20日 (週四) 17時30分28秒 HKT =====
===== Download folder scan started at 西元2025年11月20日 (週四) 17時32分56秒 HKT =====
